  Character.cpp
C:\Users\ngocyen\source\repos\GameSDL\GameSDL\Monster.h(24,63): warning C4244: '=': conversion from 'const int' to 'float', possible loss of data
  (compiling source file 'Character.cpp')
  
C:\Users\ngocyen\source\repos\GameSDL\GameSDL\Monster.h(24,79): warning C4244: '=': conversion from 'const int' to 'float', possible loss of data
  (compiling source file 'Character.cpp')
  
C:\Users\ngocyen\source\repos\GameSDL\GameSDL\Character.cpp(16,23): warning C4244: '=': conversion from 'float' to 'int', possible loss of data
C:\Users\ngocyen\source\repos\GameSDL\GameSDL\Character.cpp(17,23): warning C4244: '=': conversion from 'float' to 'int', possible loss of data
C:\Users\ngocyen\source\repos\GameSDL\GameSDL\Character.cpp(124,12): warning C4305: 'initializing': truncation from 'double' to 'float'
C:\Users\ngocyen\source\repos\GameSDL\GameSDL\Character.cpp(125,25): warning C4305: '=': truncation from 'double' to 'float'
C:\Users\ngocyen\source\repos\GameSDL\GameSDL\Character.cpp(126,26): warning C4305: '=': truncation from 'double' to 'float'
C:\Users\ngocyen\source\repos\GameSDL\GameSDL\Character.cpp(127,13): warning C4244: '+=': conversion from 'float' to 'int', possible loss of data
C:\Users\ngocyen\source\repos\GameSDL\GameSDL\Character.cpp(132,42): warning C4244: '=': conversion from 'float' to 'int', possible loss of data
C:\Users\ngocyen\source\repos\GameSDL\GameSDL\Character.cpp(221,24): warning C4244: '=': conversion from 'float' to 'int', possible loss of data
C:\Users\ngocyen\source\repos\GameSDL\GameSDL\Character.cpp(225,25): warning C4244: '=': conversion from 'float' to 'int', possible loss of data
C:\Users\ngocyen\source\repos\GameSDL\GameSDL\Character.cpp(229,23): warning C4244: '=': conversion from 'float' to 'int', possible loss of data
C:\Users\ngocyen\source\repos\GameSDL\GameSDL\Character.cpp(234,39): warning C4244: '=': conversion from 'int' to 'float', possible loss of data
C:\Users\ngocyen\source\repos\GameSDL\GameSDL\Character.cpp(249,24): warning C4244: '=': conversion from 'float' to 'int', possible loss of data
  CommonFunc.cpp
C:\Users\ngocyen\source\repos\GameSDL\GameSDL\Monster.h(24,63): warning C4244: '=': conversion from 'const int' to 'float', possible loss of data
  (compiling source file 'CommonFunc.cpp')
  
C:\Users\ngocyen\source\repos\GameSDL\GameSDL\Monster.h(24,79): warning C4244: '=': conversion from 'const int' to 'float', possible loss of data
  (compiling source file 'CommonFunc.cpp')
  
C:\Users\ngocyen\source\repos\GameSDL\GameSDL\CommonFunc.cpp(43,19): warning C4838: conversion from 'float' to 'int' requires a narrowing conversion
C:\Users\ngocyen\source\repos\GameSDL\GameSDL\CommonFunc.cpp(43,19): warning C4244: 'initializing': conversion from 'float' to 'int', possible loss of data
C:\Users\ngocyen\source\repos\GameSDL\GameSDL\CommonFunc.cpp(43,24): warning C4838: conversion from 'float' to 'int' requires a narrowing conversion
C:\Users\ngocyen\source\repos\GameSDL\GameSDL\CommonFunc.cpp(43,24): warning C4244: 'initializing': conversion from 'float' to 'int', possible loss of data
C:\Users\ngocyen\source\repos\GameSDL\GameSDL\CommonFunc.cpp(46,15): warning C4244: '=': conversion from 'float' to 'int', possible loss of data
C:\Users\ngocyen\source\repos\GameSDL\GameSDL\CommonFunc.cpp(47,15): warning C4244: '=': conversion from 'float' to 'int', possible loss of data
  Game.cpp
C:\Users\ngocyen\source\repos\GameSDL\GameSDL\Monster.h(24,63): warning C4244: '=': conversion from 'const int' to 'float', possible loss of data
  (compiling source file 'Game.cpp')
  
C:\Users\ngocyen\source\repos\GameSDL\GameSDL\Monster.h(24,79): warning C4244: '=': conversion from 'const int' to 'float', possible loss of data
  (compiling source file 'Game.cpp')
  
C:\Users\ngocyen\source\repos\GameSDL\GameSDL\Game.cpp(214,194): warning C4244: 'argument': conversion from 'int' to 'float', possible loss of data
C:\Users\ngocyen\source\repos\GameSDL\GameSDL\Game.cpp(214,101): warning C4244: 'argument': conversion from 'int' to 'float', possible loss of data
C:\Users\ngocyen\source\repos\GameSDL\GameSDL\Game.cpp(533,194): warning C4244: 'argument': conversion from 'int' to 'float', possible loss of data
C:\Users\ngocyen\source\repos\GameSDL\GameSDL\Game.cpp(533,101): warning C4244: 'argument': conversion from 'int' to 'float', possible loss of data
C:\Users\ngocyen\source\repos\GameSDL\GameSDL\Game.cpp(577,84): warning C4244: 'argument': conversion from 'int' to 'float', possible loss of data
C:\Users\ngocyen\source\repos\GameSDL\GameSDL\Game.cpp(577,66): warning C4244: 'argument': conversion from 'int' to 'float', possible loss of data
C:\Users\ngocyen\source\repos\GameSDL\GameSDL\Game.cpp(622,14): warning C4267: 'initializing': conversion from 'size_t' to 'int', possible loss of data
C:\Users\ngocyen\source\repos\GameSDL\GameSDL\Game.cpp(648,14): warning C4267: 'initializing': conversion from 'size_t' to 'int', possible loss of data
  Item.cpp
C:\Users\ngocyen\source\repos\GameSDL\GameSDL\Monster.h(24,63): warning C4244: '=': conversion from 'const int' to 'float', possible loss of data
  (compiling source file 'Item.cpp')
  
C:\Users\ngocyen\source\repos\GameSDL\GameSDL\Monster.h(24,79): warning C4244: '=': conversion from 'const int' to 'float', possible loss of data
  (compiling source file 'Item.cpp')
  
C:\Users\ngocyen\source\repos\GameSDL\GameSDL\Item.cpp(13,20): warning C4244: '=': conversion from 'float' to 'int', possible loss of data
C:\Users\ngocyen\source\repos\GameSDL\GameSDL\Item.cpp(14,20): warning C4244: '=': conversion from 'float' to 'int', possible loss of data
C:\Users\ngocyen\source\repos\GameSDL\GameSDL\Item.cpp(45,20): warning C4244: '=': conversion from 'float' to 'int', possible loss of data
  Main.cpp
C:\Users\ngocyen\source\repos\GameSDL\GameSDL\Monster.h(24,63): warning C4244: '=': conversion from 'const int' to 'float', possible loss of data
  (compiling source file 'Main.cpp')
  
C:\Users\ngocyen\source\repos\GameSDL\GameSDL\Monster.h(24,79): warning C4244: '=': conversion from 'const int' to 'float', possible loss of data
  (compiling source file 'Main.cpp')
  
C:\Users\ngocyen\source\repos\GameSDL\GameSDL\Main.cpp(7,12): warning C4244: 'argument': conversion from 'time_t' to 'unsigned int', possible loss of data
  Menu.cpp
C:\Users\ngocyen\source\repos\GameSDL\GameSDL\Monster.h(24,63): warning C4244: '=': conversion from 'const int' to 'float', possible loss of data
  (compiling source file 'Menu.cpp')
  
C:\Users\ngocyen\source\repos\GameSDL\GameSDL\Monster.h(24,79): warning C4244: '=': conversion from 'const int' to 'float', possible loss of data
  (compiling source file 'Menu.cpp')
  
C:\Users\ngocyen\source\repos\GameSDL\GameSDL\Menu.cpp(541,71): warning C4244: 'argument': conversion from 'int' to 'float', possible loss of data
C:\Users\ngocyen\source\repos\GameSDL\GameSDL\Menu.cpp(541,60): warning C4244: 'argument': conversion from 'int' to 'float', possible loss of data
C:\Users\ngocyen\source\repos\GameSDL\GameSDL\Menu.cpp(550,71): warning C4244: 'argument': conversion from 'int' to 'float', possible loss of data
C:\Users\ngocyen\source\repos\GameSDL\GameSDL\Menu.cpp(550,60): warning C4244: 'argument': conversion from 'int' to 'float', possible loss of data
C:\Users\ngocyen\source\repos\GameSDL\GameSDL\Menu.cpp(559,71): warning C4244: 'argument': conversion from 'int' to 'float', possible loss of data
C:\Users\ngocyen\source\repos\GameSDL\GameSDL\Menu.cpp(559,60): warning C4244: 'argument': conversion from 'int' to 'float', possible loss of data
C:\Users\ngocyen\source\repos\GameSDL\GameSDL\Menu.cpp(568,71): warning C4244: 'argument': conversion from 'int' to 'float', possible loss of data
C:\Users\ngocyen\source\repos\GameSDL\GameSDL\Menu.cpp(568,60): warning C4244: 'argument': conversion from 'int' to 'float', possible loss of data
C:\Users\ngocyen\source\repos\GameSDL\GameSDL\Menu.cpp(577,71): warning C4244: 'argument': conversion from 'int' to 'float', possible loss of data
C:\Users\ngocyen\source\repos\GameSDL\GameSDL\Menu.cpp(577,60): warning C4244: 'argument': conversion from 'int' to 'float', possible loss of data
C:\Users\ngocyen\source\repos\GameSDL\GameSDL\Menu.cpp(586,71): warning C4244: 'argument': conversion from 'int' to 'float', possible loss of data
C:\Users\ngocyen\source\repos\GameSDL\GameSDL\Menu.cpp(586,60): warning C4244: 'argument': conversion from 'int' to 'float', possible loss of data
  Monster.cpp
C:\Users\ngocyen\source\repos\GameSDL\GameSDL\Monster.h(24,63): warning C4244: '=': conversion from 'const int' to 'float', possible loss of data
  (compiling source file 'Monster.cpp')
  
C:\Users\ngocyen\source\repos\GameSDL\GameSDL\Monster.h(24,79): warning C4244: '=': conversion from 'const int' to 'float', possible loss of data
  (compiling source file 'Monster.cpp')
  
C:\Users\ngocyen\source\repos\GameSDL\GameSDL\Monster.cpp(22,23): warning C4244: '=': conversion from 'float' to 'int', possible loss of data
C:\Users\ngocyen\source\repos\GameSDL\GameSDL\Monster.cpp(23,23): warning C4244: '=': conversion from 'float' to 'int', possible loss of data
C:\Users\ngocyen\source\repos\GameSDL\GameSDL\Monster.cpp(173,24): warning C4244: '=': conversion from 'float' to 'int', possible loss of data
C:\Users\ngocyen\source\repos\GameSDL\GameSDL\Monster.cpp(183,25): warning C4244: '=': conversion from 'float' to 'int', possible loss of data
C:\Users\ngocyen\source\repos\GameSDL\GameSDL\Monster.cpp(188,23): warning C4244: '=': conversion from 'float' to 'int', possible loss of data
C:\Users\ngocyen\source\repos\GameSDL\GameSDL\Monster.cpp(193,40): warning C4244: '=': conversion from 'int' to 'float', possible loss of data
C:\Users\ngocyen\source\repos\GameSDL\GameSDL\Monster.cpp(207,24): warning C4244: '=': conversion from 'float' to 'int', possible loss of data
C:\Users\ngocyen\source\repos\GameSDL\GameSDL\Monster.cpp(238,25): warning C4244: '=': conversion from 'double' to 'float', possible loss of data
C:\Users\ngocyen\source\repos\GameSDL\GameSDL\Monster.cpp(244,12): warning C4244: '=': conversion from 'int' to 'float', possible loss of data
C:\Users\ngocyen\source\repos\GameSDL\GameSDL\Monster.cpp(256,12): warning C4244: '=': conversion from 'const int' to 'float', possible loss of data
  Generating Code...
  GameSDL.vcxproj -> C:\Users\ngocyen\source\repos\GameSDL\x64\Debug\GameSDL.exe
