c:\users\ngocyen\source\repos\gamesdl\gamesdl\x64\debug\vc143.pdb
c:\users\ngocyen\source\repos\gamesdl\gamesdl\x64\debug\vc143.idb
c:\users\ngocyen\source\repos\gamesdl\gamesdl\x64\debug\main.obj
c:\users\ngocyen\source\repos\gamesdl\gamesdl\x64\debug\game.obj
c:\users\ngocyen\source\repos\gamesdl\gamesdl\x64\debug\menu.obj
c:\users\ngocyen\source\repos\gamesdl\gamesdl\x64\debug\timer.obj
c:\users\ngocyen\source\repos\gamesdl\gamesdl\x64\debug\baseobject.obj
c:\users\ngocyen\source\repos\gamesdl\gamesdl\x64\debug\commonfunc.obj
c:\users\ngocyen\source\repos\gamesdl\gamesdl\x64\debug\character.obj
c:\users\ngocyen\source\repos\gamesdl\gamesdl\x64\debug\map.obj
c:\users\ngocyen\source\repos\gamesdl\gamesdl\x64\debug\monster.obj
c:\users\ngocyen\source\repos\gamesdl\x64\debug\gamesdl.exe
c:\users\ngocyen\source\repos\gamesdl\x64\debug\gamesdl.pdb
c:\users\ngocyen\source\repos\gamesdl\gamesdl\x64\debug\gamesdl.ilk
c:\users\ngocyen\source\repos\gamesdl\gamesdl\x64\debug\gamesdl.tlog\cl.command.1.tlog
c:\users\ngocyen\source\repos\gamesdl\gamesdl\x64\debug\gamesdl.tlog\cl.items.tlog
c:\users\ngocyen\source\repos\gamesdl\gamesdl\x64\debug\gamesdl.tlog\cl.read.1.tlog
c:\users\ngocyen\source\repos\gamesdl\gamesdl\x64\debug\gamesdl.tlog\cl.write.1.tlog
c:\users\ngocyen\source\repos\gamesdl\gamesdl\x64\debug\gamesdl.tlog\link.command.1.tlog
c:\users\ngocyen\source\repos\gamesdl\gamesdl\x64\debug\gamesdl.tlog\link.read.1.tlog
c:\users\ngocyen\source\repos\gamesdl\gamesdl\x64\debug\gamesdl.tlog\link.secondary.1.tlog
c:\users\ngocyen\source\repos\gamesdl\gamesdl\x64\debug\gamesdl.tlog\link.write.1.tlog
